<?xml version="1.0" encoding="UTF-8"?>
<robot generator="Robot 7.1 (Python 3.11.9 on win32)" generated="2024-10-16T22:01:15.533853" rpa="false" schemaversion="5">
<suite id="s1" name="Trama Teste" source="C:\Users\gguil\Downloads\Teste-Trama\trama_teste.robot">
<test id="s1-t1" name="CT1 - Login Cliente" line="10">
<kw name="Abrir o navegador" owner="trama_resources" type="SETUP">
<kw name="Open Browser" owner="SeleniumLibrary">
<msg time="2024-10-16T22:01:15.687369" level="INFO">Opening browser 'chrome' to base url 'None'.</msg>
<arg>browser=${BROWSER}</arg>
<doc>Opens a new browser instance to the optional ``url``.</doc>
<status status="PASS" start="2024-10-16T22:01:15.687369" elapsed="1.401314"/>
</kw>
<kw name="Maximize Browser Window" owner="SeleniumLibrary">
<doc>Maximizes current browser window.</doc>
<status status="PASS" start="2024-10-16T22:01:17.088683" elapsed="0.038521"/>
</kw>
<status status="PASS" start="2024-10-16T22:01:15.687369" elapsed="1.439835"/>
</kw>
<kw name="Acessar a pagina home page do site Trama" owner="trama_resources">
<kw name="Go To" owner="SeleniumLibrary">
<msg time="2024-10-16T22:01:17.128206" level="INFO">Opening url 'http://localhost/trama/SemLogin/index.html'</msg>
<arg>url=${URL}</arg>
<doc>Navigates the current browser window to the provided ``url``.</doc>
<status status="PASS" start="2024-10-16T22:01:17.127204" elapsed="0.259266"/>
</kw>
<status status="PASS" start="2024-10-16T22:01:17.127204" elapsed="0.259266"/>
</kw>
<kw name="Acessar a pagina de login do sistema" owner="trama_resources">
<kw name="Click Element" owner="SeleniumLibrary">
<msg time="2024-10-16T22:01:17.387472" level="INFO">Clicking element 'xpath://a[@href='../Login/login.html']'.</msg>
<arg>xpath://a[@href='../Login/login.html']</arg>
<doc>Click the element identified by ``locator``.</doc>
<status status="PASS" start="2024-10-16T22:01:17.387472" elapsed="0.108533"/>
</kw>
<status status="PASS" start="2024-10-16T22:01:17.387472" elapsed="0.108533"/>
</kw>
<kw name="Selecionar Campo &quot;Cliente&quot;" owner="trama_resources">
<kw name="Click Element" owner="SeleniumLibrary">
<msg time="2024-10-16T22:01:17.497006" level="INFO">Clicking element 'xpath://input[@id='cliente']'.</msg>
<arg>xpath://input[@id='cliente']</arg>
<doc>Click the element identified by ``locator``.</doc>
<status status="PASS" start="2024-10-16T22:01:17.497006" elapsed="0.033534"/>
</kw>
<status status="PASS" start="2024-10-16T22:01:17.497006" elapsed="0.033534"/>
</kw>
<kw name="Inserir credencias requeridas (CPF e senha) ja cadastradas no banco" owner="trama_resources">
<kw name="Input Text" owner="SeleniumLibrary">
<msg time="2024-10-16T22:01:17.531541" level="INFO">Typing text '42029893846' into text field 'xpath://input[@id='cpf']'.</msg>
<arg>xpath://input[@id='cpf']</arg>
<arg>${CPF}</arg>
<doc>Types the given ``text`` into the text field identified by ``locator``.</doc>
<status status="PASS" start="2024-10-16T22:01:17.531541" elapsed="0.077489"/>
</kw>
<kw name="Input Text" owner="SeleniumLibrary">
<msg time="2024-10-16T22:01:17.610029" level="INFO">Typing text 'senha@1234' into text field 'xpath://input[@id='senha']'.</msg>
<arg>xpath://input[@id='senha']</arg>
<arg>${SENHA}</arg>
<doc>Types the given ``text`` into the text field identified by ``locator``.</doc>
<status status="PASS" start="2024-10-16T22:01:17.610029" elapsed="0.060511"/>
</kw>
<status status="PASS" start="2024-10-16T22:01:17.531541" elapsed="0.138999"/>
</kw>
<kw name="Clicar em &quot;Entrar&quot;" owner="trama_resources">
<kw name="Click Button" owner="SeleniumLibrary">
<msg time="2024-10-16T22:01:17.671545" level="INFO">Clicking button 'xpath://input[@value='ENTRAR']'.</msg>
<arg>xpath://input[@value='ENTRAR']</arg>
<doc>Clicks the button identified by ``locator``.</doc>
<status status="PASS" start="2024-10-16T22:01:17.671545" elapsed="0.078746"/>
</kw>
<status status="PASS" start="2024-10-16T22:01:17.670540" elapsed="0.079751"/>
</kw>
<kw name="Verificar se o título da página é produto" owner="trama_resources">
<kw name="Title Should Be" owner="SeleniumLibrary">
<msg time="2024-10-16T22:01:17.825065" level="INFO" html="true">&lt;/td&gt;&lt;/tr&gt;&lt;tr&gt;&lt;td colspan="3"&gt;&lt;a href="selenium-screenshot-3.png"&gt;&lt;img src="selenium-screenshot-3.png" width="800px"&gt;&lt;/a&gt;</msg>
<msg time="2024-10-16T22:01:17.825065" level="FAIL">Title should have been 'PRODUTO' but was ''.</msg>
<arg>title=${TITULO}</arg>
<doc>Verifies that the current page title equals ``title``.</doc>
<status status="FAIL" start="2024-10-16T22:01:17.751290" elapsed="0.074776">Title should have been 'PRODUTO' but was ''.</status>
</kw>
<kw name="Take Screenshot" owner="Screenshot">
<arg>evidencia</arg>
<doc>Takes a screenshot in JPEG format and embeds it into the log file.</doc>
<status status="NOT RUN" start="2024-10-16T22:01:17.826066" elapsed="0.000000"/>
</kw>
<status status="FAIL" start="2024-10-16T22:01:17.751290" elapsed="0.075775">Title should have been 'PRODUTO' but was ''.</status>
</kw>
<kw name="Fechar o navegador" owner="trama_resources" type="TEARDOWN">
<kw name="Sleep" owner="BuiltIn">
<msg time="2024-10-16T22:01:19.827247" level="INFO">Slept 2 seconds.</msg>
<arg>2</arg>
<doc>Pauses the test executed for the given time.</doc>
<status status="PASS" start="2024-10-16T22:01:17.827065" elapsed="2.000182"/>
</kw>
<kw name="Close Browser" owner="SeleniumLibrary">
<doc>Closes the current browser.</doc>
<status status="PASS" start="2024-10-16T22:01:19.827247" elapsed="2.182807"/>
</kw>
<status status="PASS" start="2024-10-16T22:01:17.827065" elapsed="4.182989"/>
</kw>
<doc>Esse teste verifica o login de um usuario ativo</doc>
<tag>login_cliente</tag>
<status status="FAIL" start="2024-10-16T22:01:15.686371" elapsed="6.323683">Title should have been 'PRODUTO' but was ''.</status>
</test>
<test id="s1-t2" name="CT2 - Cadastro de produto sem preço" line="20">
<kw name="Abrir o navegador" owner="trama_resources" type="SETUP">
<kw name="Open Browser" owner="SeleniumLibrary">
<msg time="2024-10-16T22:01:22.012014" level="INFO">Opening browser 'chrome' to base url 'None'.</msg>
<arg>browser=${BROWSER}</arg>
<doc>Opens a new browser instance to the optional ``url``.</doc>
<status status="PASS" start="2024-10-16T22:01:22.012014" elapsed="1.415258"/>
</kw>
<kw name="Maximize Browser Window" owner="SeleniumLibrary">
<doc>Maximizes current browser window.</doc>
<status status="PASS" start="2024-10-16T22:01:23.427272" elapsed="0.023417"/>
</kw>
<status status="PASS" start="2024-10-16T22:01:22.012014" elapsed="1.438675"/>
</kw>
<kw name="Acessar a pagina home page do site Trama" owner="trama_resources">
<kw name="Go To" owner="SeleniumLibrary">
<msg time="2024-10-16T22:01:23.451694" level="INFO">Opening url 'http://localhost/trama/SemLogin/index.html'</msg>
<arg>url=${URL}</arg>
<doc>Navigates the current browser window to the provided ``url``.</doc>
<status status="PASS" start="2024-10-16T22:01:23.451694" elapsed="0.191614"/>
</kw>
<status status="PASS" start="2024-10-16T22:01:23.450689" elapsed="0.192619"/>
</kw>
<kw name="Acessar a pagina de login do sistema" owner="trama_resources">
<kw name="Click Element" owner="SeleniumLibrary">
<msg time="2024-10-16T22:01:23.644311" level="INFO">Clicking element 'xpath://a[@href='../Login/login.html']'.</msg>
<arg>xpath://a[@href='../Login/login.html']</arg>
<doc>Click the element identified by ``locator``.</doc>
<status status="PASS" start="2024-10-16T22:01:23.644311" elapsed="0.074334"/>
</kw>
<status status="PASS" start="2024-10-16T22:01:23.643308" elapsed="0.075337"/>
</kw>
<kw name="Selecionar Campo &quot;Empresa&quot;" owner="trama_resources">
<kw name="Click Element" owner="SeleniumLibrary">
<msg time="2024-10-16T22:01:23.719644" level="INFO">Clicking element 'xpath://input[@id='empresa']'.</msg>
<arg>xpath://input[@id='empresa']</arg>
<doc>Click the element identified by ``locator``.</doc>
<status status="PASS" start="2024-10-16T22:01:23.719644" elapsed="0.073509"/>
</kw>
<status status="PASS" start="2024-10-16T22:01:23.718645" elapsed="0.074508"/>
</kw>
<kw name="Inserir credencias requeridas (CNPJ e senha) ja cadastradas no banco" owner="trama_resources">
<kw name="Input Text" owner="SeleniumLibrary">
<msg time="2024-10-16T22:01:23.794155" level="INFO">Typing text '98.509.568/0001-37' into text field 'xpath://input[@id='cnpj']'.</msg>
<arg>xpath://input[@id='cnpj']</arg>
<arg>${CNPJ}</arg>
<doc>Types the given ``text`` into the text field identified by ``locator``.</doc>
<status status="PASS" start="2024-10-16T22:01:23.793153" elapsed="0.090410"/>
</kw>
<kw name="Input Text" owner="SeleniumLibrary">
<msg time="2024-10-16T22:01:23.884563" level="INFO">Typing text '$2y$10$7yV6LQE5BalsmA3QQL' into text field 'xpath://input[@id='senha']'.</msg>
<arg>xpath://input[@id='senha']</arg>
<arg>${SENHAHASH}</arg>
<doc>Types the given ``text`` into the text field identified by ``locator``.</doc>
<status status="PASS" start="2024-10-16T22:01:23.884563" elapsed="0.090524"/>
</kw>
<status status="PASS" start="2024-10-16T22:01:23.793153" elapsed="0.181934"/>
</kw>
<kw name="Clicar em &quot;Entrar&quot;" owner="trama_resources">
<kw name="Click Button" owner="SeleniumLibrary">
<msg time="2024-10-16T22:01:23.976087" level="INFO">Clicking button 'xpath://input[@value='ENTRAR']'.</msg>
<arg>xpath://input[@value='ENTRAR']</arg>
<doc>Clicks the button identified by ``locator``.</doc>
<status status="PASS" start="2024-10-16T22:01:23.976087" elapsed="0.106074"/>
</kw>
<status status="PASS" start="2024-10-16T22:01:23.976087" elapsed="0.106074"/>
</kw>
<kw name="Fechar o navegador" owner="trama_resources" type="TEARDOWN">
<kw name="Sleep" owner="BuiltIn">
<msg time="2024-10-16T22:01:26.083588" level="INFO">Slept 2 seconds.</msg>
<arg>2</arg>
<doc>Pauses the test executed for the given time.</doc>
<status status="PASS" start="2024-10-16T22:01:24.083159" elapsed="2.000429"/>
</kw>
<kw name="Close Browser" owner="SeleniumLibrary">
<doc>Closes the current browser.</doc>
<status status="PASS" start="2024-10-16T22:01:26.084105" elapsed="2.106799"/>
</kw>
<status status="PASS" start="2024-10-16T22:01:24.083159" elapsed="4.107745"/>
</kw>
<doc>Esse teste verifica o cadastro de um produto sem preço</doc>
<tag>cadastro_produto</tag>
<status status="PASS" start="2024-10-16T22:01:22.010983" elapsed="6.180944"/>
</test>
<doc>Essa suíte testa o site da Trama</doc>
<status status="FAIL" start="2024-10-16T22:01:15.534853" elapsed="12.660005"/>
</suite>
<statistics>
<total>
<stat pass="1" fail="1" skip="0">All Tests</stat>
</total>
<tag>
<stat pass="1" fail="0" skip="0">cadastro_produto</stat>
<stat pass="0" fail="1" skip="0">login_cliente</stat>
</tag>
<suite>
<stat pass="1" fail="1" skip="0" id="s1" name="Trama Teste">Trama Teste</stat>
</suite>
</statistics>
<errors>
</errors>
</robot>
